Added Pin To Net: NetName=+3V3 Pin=3.3V Voltage Regulator-3
Added Pin To Net: NetName=+3V3 Pin=3V3-1
Added Pin To Net: NetName=+3V3 Pin=C4-2
Added Pin To Net: NetName=+3V3 Pin=C11-2
Added Pin To Net: NetName=+3V3 Pin=C18-1
Added Pin To Net: NetName=+3V3 Pin=C19-1
Added Pin To Net: NetName=+3V3 Pin=C20-1
Added Pin To Net: NetName=+3V3 Pin=C21-1
Added Pin To Net: NetName=+3V3 Pin=C22-1
Added Pin To Net: NetName=+3V3 Pin=C23-1
Added Pin To Net: NetName=+3V3 Pin=CAN Transceiver-3
Added Pin To Net: NetName=+3V3 Pin=R21-1
Added Pin To Net: NetName=+3V3 Pin=R24-2
Added Pin To Net: NetName=+3V3 Pin=R25-1
Added Pin To Net: NetName=+3V3 Pin=R26-1
Added Pin To Net: NetName=+3V3 Pin=R44-1
Added Pin To Net: NetName=+3V3 Pin=R45-1
Added Pin To Net: NetName=+3V3 Pin=TP9-1
Added Pin To Net: NetName=+3V3 Pin=TVS-5
Added Pin To Net: NetName=+3V3 Pin=uC-2
Added Pin To Net: NetName=+3V3 Pin=uC-11
Added Pin To Net: NetName=+3V3 Pin=uC-26
Added Pin To Net: NetName=+3V3 Pin=uC-37
Added Pin To Net: NetName=+3V3 Pin=uC-42
Added Pin To Net: NetName=+3V3 Pin=uC-54
Added Net: Name=+3V3
Added Pin To Net: NetName=Bat_GND Pin=R14-1
Added Pin To Net: NetName=Bat_GND Pin=R50-2
Added Pin To Net: NetName=Bat_GND Pin=uC-64
Added Net: Name=Bat_GND
Added Pin To Net: NetName=Bat_VCC Pin=3.3V Voltage Regulator-1
Added Pin To Net: NetName=Bat_VCC Pin=C10-2
Added Pin To Net: NetName=Bat_VCC Pin=D1-2
Added Pin To Net: NetName=Bat_VCC Pin=D_feedback-2
Added Pin To Net: NetName=Bat_VCC Pin=Diode1-2
Added Pin To Net: NetName=Bat_VCC Pin=P1-3
Added Pin To Net: NetName=Bat_VCC Pin=R39-2
Added Pin To Net: NetName=Bat_VCC Pin=TP18-1
Added Net: Name=Bat_VCC
Added Pin To Net: NetName=CAN_High Pin=C2-2
Added Pin To Net: NetName=CAN_High Pin=CANH-1
Added Pin To Net: NetName=CAN_High Pin=L1-4
Added Pin To Net: NetName=CAN_High Pin=P1-1
Added Pin To Net: NetName=CAN_High Pin=R1-2
Added Pin To Net: NetName=CAN_High Pin=TVS Diode-2
Added Net: Name=CAN_High
Added Pin To Net: NetName=CAN_Low Pin=C3-2
Added Pin To Net: NetName=CAN_Low Pin=CANL-1
Added Pin To Net: NetName=CAN_Low Pin=L1-3
Added Pin To Net: NetName=CAN_Low Pin=P1-2
Added Pin To Net: NetName=CAN_Low Pin=R1-1
Added Pin To Net: NetName=CAN_Low Pin=TVS Diode-1
Added Net: Name=CAN_Low
Added Pin To Net: NetName=Cell_1_AFE Pin=R17-2
Added Pin To Net: NetName=Cell_1_AFE Pin=R47-2
Added Pin To Net: NetName=Cell_1_AFE Pin=R54-2
Added Pin To Net: NetName=Cell_1_AFE Pin=Signal-6
Added Net: Name=Cell_1_AFE
Added Pin To Net: NetName=Cell_2_Backup Pin=R7-2
Added Pin To Net: NetName=Cell_2_Backup Pin=R46-2
Added Pin To Net: NetName=Cell_2_Backup Pin=Signal-8
Added Net: Name=Cell_2_Backup
Added Pin To Net: NetName=Cell_3_Backup Pin=R15-2
Added Pin To Net: NetName=Cell_3_Backup Pin=R41-2
Added Pin To Net: NetName=Cell_3_Backup Pin=Signal-10
Added Net: Name=Cell_3_Backup
Added Pin To Net: NetName=Cell_4_Backup Pin=R5-2
Added Pin To Net: NetName=Cell_4_Backup Pin=R38-2
Added Pin To Net: NetName=Cell_4_Backup Pin=Signal-12
Added Net: Name=Cell_4_Backup
Added Pin To Net: NetName=Cell_Temp_1 Pin=R9-1
Added Pin To Net: NetName=Cell_Temp_1 Pin=Signal-7
Added Pin To Net: NetName=Cell_Temp_1 Pin=T1-1
Added Pin To Net: NetName=Cell_Temp_1 Pin=uC-57
Added Net: Name=Cell_Temp_1
Added Pin To Net: NetName=Cell_Temp_2 Pin=R10-1
Added Pin To Net: NetName=Cell_Temp_2 Pin=Signal-9
Added Pin To Net: NetName=Cell_Temp_2 Pin=T2-1
Added Pin To Net: NetName=Cell_Temp_2 Pin=uC-59
Added Net: Name=Cell_Temp_2
Added Pin To Net: NetName=Cell_Temp_3 Pin=R11-1
Added Pin To Net: NetName=Cell_Temp_3 Pin=Signal-11
Added Pin To Net: NetName=Cell_Temp_3 Pin=T3-1
Added Pin To Net: NetName=Cell_Temp_3 Pin=uC-58
Added Net: Name=Cell_Temp_3
Added Pin To Net: NetName=GND Pin=3.0V Voltage Regulator-3
Added Pin To Net: NetName=GND Pin=3.3V Voltage Regulator-2
Added Pin To Net: NetName=GND Pin=3.3V Voltage Regulator-4
Added Pin To Net: NetName=GND Pin= P-MOSFET-1
Added Pin To Net: NetName=GND Pin=Bat --1
Added Pin To Net: NetName=GND Pin=Bat --1
Added Pin To Net: NetName=GND Pin=Bat --1
Added Pin To Net: NetName=GND Pin=Bat --1
Added Pin To Net: NetName=GND Pin=Bat --1
Added Pin To Net: NetName=GND Pin=Bat --1
Added Pin To Net: NetName=GND Pin=Bat --1
Added Pin To Net: NetName=GND Pin=Bat --1
Added Pin To Net: NetName=GND Pin=Bat --1
Added Pin To Net: NetName=GND Pin=BQ-3
Added Pin To Net: NetName=GND Pin=BQ_NTC-2
Added Pin To Net: NetName=GND Pin=C2-1
Added Pin To Net: NetName=GND Pin=C3-1
Added Pin To Net: NetName=GND Pin=C4-1
Added Pin To Net: NetName=GND Pin=C5-1
Added Pin To Net: NetName=GND Pin=C6-1
Added Pin To Net: NetName=GND Pin=C7-1
Added Pin To Net: NetName=GND Pin=C8-1
Added Pin To Net: NetName=GND Pin=C9-1
Added Pin To Net: NetName=GND Pin=C10-1
Added Pin To Net: NetName=GND Pin=C11-1
Added Pin To Net: NetName=GND Pin=C12-1
Added Pin To Net: NetName=GND Pin=C13-1
Added Pin To Net: NetName=GND Pin=C14-1
Added Pin To Net: NetName=GND Pin=C15-2
Added Pin To Net: NetName=GND Pin=C16-2
Added Pin To Net: NetName=GND Pin=C17-2
Added Pin To Net: NetName=GND Pin=C18-2
Added Pin To Net: NetName=GND Pin=C19-2
Added Pin To Net: NetName=GND Pin=C20-2
Added Pin To Net: NetName=GND Pin=C21-2
Added Pin To Net: NetName=GND Pin=C22-2
Added Pin To Net: NetName=GND Pin=C23-2
Added Pin To Net: NetName=GND Pin=C24-2
Added Pin To Net: NetName=GND Pin=C25-2
Added Pin To Net: NetName=GND Pin=C26-2
Added Pin To Net: NetName=GND Pin=C27-2
Added Pin To Net: NetName=GND Pin=C34-1
Added Pin To Net: NetName=GND Pin=C35-2
Added Pin To Net: NetName=GND Pin=C36-2
Added Pin To Net: NetName=GND Pin=C37-2
Added Pin To Net: NetName=GND Pin=C38-1
Added Pin To Net: NetName=GND Pin=C39-2
Added Pin To Net: NetName=GND Pin=C41-1
Added Pin To Net: NetName=GND Pin=C_Alert-2
Added Pin To Net: NetName=GND Pin=CAN Transceiver-2
Added Pin To Net: NetName=GND Pin=CHG_NTC-2
Added Pin To Net: NetName=GND Pin=D1-1
Added Pin To Net: NetName=GND Pin=DSG_NTC-2
Added Pin To Net: NetName=GND Pin=LED_1-2
Added Pin To Net: NetName=GND Pin=LED_2-2
Added Pin To Net: NetName=GND Pin=LED_3V-2
Added Pin To Net: NetName=GND Pin=LED_3V3-2
Added Pin To Net: NetName=GND Pin=LED_REGOUT-2
Added Pin To Net: NetName=GND Pin=P2-1
Added Pin To Net: NetName=GND Pin=R4-1
Added Pin To Net: NetName=GND Pin=R12-1
Added Pin To Net: NetName=GND Pin=R13-1
Added Pin To Net: NetName=GND Pin=R14-2
Added Pin To Net: NetName=GND Pin=R19-1
Added Pin To Net: NetName=GND Pin=R20-1
Added Pin To Net: NetName=GND Pin=R51-2
Added Pin To Net: NetName=GND Pin=R_Alert-2
Added Pin To Net: NetName=GND Pin=R_Shunt 300uR-1
Added Pin To Net: NetName=GND Pin=Signal-1
Added Pin To Net: NetName=GND Pin=Signal-2
Added Pin To Net: NetName=GND Pin=Signal-3
Added Pin To Net: NetName=GND Pin=Signal-4
Added Pin To Net: NetName=GND Pin=Signal-5
Added Pin To Net: NetName=GND Pin=TVS-2
Added Pin To Net: NetName=GND Pin=TVS Diode-3
Added Pin To Net: NetName=GND Pin=uC-3
Added Pin To Net: NetName=GND Pin=uC-12
Added Pin To Net: NetName=GND Pin=uC-27
Added Pin To Net: NetName=GND Pin=uC-34
Added Pin To Net: NetName=GND Pin=uC-35
Added Pin To Net: NetName=GND Pin=uC-36
Added Pin To Net: NetName=GND Pin=uC-39
Added Pin To Net: NetName=GND Pin=uC-55
Added Net: Name=GND
Added Pin To Net: NetName=LED1 Pin=R29-1
Added Pin To Net: NetName=LED1 Pin=uC-45
Added Net: Name=LED1
Added Pin To Net: NetName=LED2 Pin=R30-1
Added Pin To Net: NetName=LED2 Pin=uC-46
Added Net: Name=LED2
Added Pin To Net: NetName=Net1V2_1 Pin=1V2-1
Added Pin To Net: NetName=Net1V2_1 Pin=C24-1
Added Pin To Net: NetName=Net1V2_1 Pin=C25-1
Added Pin To Net: NetName=Net1V2_1 Pin=C26-1
Added Pin To Net: NetName=Net1V2_1 Pin=C27-1
Added Pin To Net: NetName=Net1V2_1 Pin=uC-25
Added Pin To Net: NetName=Net1V2_1 Pin=uC-56
Added Net: Name=Net1V2_1
Added Pin To Net: NetName=Net3.0V Voltage Regulator_1 Pin=3.0V Voltage Regulator-1
Added Pin To Net: NetName=Net3.0V Voltage Regulator_1 Pin=C12-2
Added Pin To Net: NetName=Net3.0V Voltage Regulator_1 Pin=R24-1
Added Net: Name=Net3.0V Voltage Regulator_1
Added Pin To Net: NetName=NetBQ_7 Pin=BQ-7
Added Pin To Net: NetName=NetBQ_7 Pin=C37-1
Added Net: Name=NetBQ_7
Added Pin To Net: NetName=NetBQ_17 Pin=BQ-17
Added Pin To Net: NetName=NetBQ_17 Pin=C38-2
Added Pin To Net: NetName=NetBQ_17 Pin=R50-1
Added Net: Name=NetBQ_17
Added Pin To Net: NetName=NetBQ_18 Pin=BQ-18
Added Pin To Net: NetName=NetBQ_18 Pin=C39-1
Added Pin To Net: NetName=NetBQ_18 Pin=C40-2
Added Pin To Net: NetName=NetBQ_18 Pin=R51-1
Added Net: Name=NetBQ_18
Added Pin To Net: NetName=NetBQ_19 Pin=BQ-19
Added Pin To Net: NetName=NetBQ_19 Pin=C40-1
Added Pin To Net: NetName=NetBQ_19 Pin=C41-2
Added Pin To Net: NetName=NetBQ_19 Pin=R52-1
Added Net: Name=NetBQ_19
Added Pin To Net: NetName=NetBQ_20 Pin=BQ-20
Added Pin To Net: NetName=NetBQ_20 Pin=C_Alert-1
Added Pin To Net: NetName=NetBQ_20 Pin=R_Alert-1
Added Pin To Net: NetName=NetBQ_20 Pin=uC-16
Added Net: Name=NetBQ_20
Added Pin To Net: NetName=NetC1_1 Pin=C1-1
Added Pin To Net: NetName=NetC1_1 Pin=CAN Transceiver-6
Added Pin To Net: NetName=NetC1_1 Pin=L1-2
Added Pin To Net: NetName=NetC1_1 Pin=R2-2
Added Pin To Net: NetName=NetC1_1 Pin=TP2-1
Added Net: Name=NetC1_1
Added Pin To Net: NetName=NetC1_2 Pin=C1-2
Added Pin To Net: NetName=NetC1_2 Pin=CAN Transceiver-7
Added Pin To Net: NetName=NetC1_2 Pin=L1-1
Added Pin To Net: NetName=NetC1_2 Pin=R3-2
Added Pin To Net: NetName=NetC1_2 Pin=TP1-1
Added Net: Name=NetC1_2
Added Pin To Net: NetName=NetC1_uC_1 Pin=C1-1
Added Pin To Net: NetName=NetC1_uC_1 Pin=C9-2
Added Pin To Net: NetName=NetC1_uC_1 Pin=R18-1
Added Pin To Net: NetName=NetC1_uC_1 Pin=uC-63
Added Net: Name=NetC1_uC_1
Added Pin To Net: NetName=NetC2_uC_1 Pin=C2-1
Added Pin To Net: NetName=NetC2_uC_1 Pin=C7-2
Added Pin To Net: NetName=NetC2_uC_1 Pin=R8-1
Added Pin To Net: NetName=NetC2_uC_1 Pin=uC-60
Added Net: Name=NetC2_uC_1
Added Pin To Net: NetName=NetC3_uC_1 Pin=C3-1
Added Pin To Net: NetName=NetC3_uC_1 Pin=C8-2
Added Pin To Net: NetName=NetC3_uC_1 Pin=R16-1
Added Pin To Net: NetName=NetC3_uC_1 Pin=uC-61
Added Net: Name=NetC3_uC_1
Added Pin To Net: NetName=NetC4_uC_1 Pin=C4-1
Added Pin To Net: NetName=NetC4_uC_1 Pin=C6-2
Added Pin To Net: NetName=NetC4_uC_1 Pin=R6-1
Added Pin To Net: NetName=NetC4_uC_1 Pin=uC-62
Added Net: Name=NetC4_uC_1
Added Pin To Net: NetName=NetC5_2 Pin=C5-2
Added Pin To Net: NetName=NetC5_2 Pin=R2-1
Added Pin To Net: NetName=NetC5_2 Pin=R3-1
Added Net: Name=NetC5_2
Added Pin To Net: NetName=NetC16_1 Pin=C16-1
Added Pin To Net: NetName=NetC16_1 Pin=Quartz-1
Added Pin To Net: NetName=NetC16_1 Pin=uC-41
Added Net: Name=NetC16_1
Added Pin To Net: NetName=NetC17_1 Pin=C17-1
Added Pin To Net: NetName=NetC17_1 Pin=Quartz-3
Added Pin To Net: NetName=NetC17_1 Pin=uC-40
Added Net: Name=NetC17_1
Added Pin To Net: NetName=NetCAN Transceiver_1 Pin=CAN Transceiver-1
Added Pin To Net: NetName=NetCAN Transceiver_1 Pin=uC-31
Added Net: Name=NetCAN Transceiver_1
Added Pin To Net: NetName=NetCAN Transceiver_4 Pin=CAN Transceiver-4
Added Pin To Net: NetName=NetCAN Transceiver_4 Pin=uC-28
Added Net: Name=NetCAN Transceiver_4
Added Pin To Net: NetName=NetCAN Transceiver_8 Pin=CAN Transceiver-8
Added Pin To Net: NetName=NetCAN Transceiver_8 Pin=R4-2
Added Net: Name=NetCAN Transceiver_8
Added Pin To Net: NetName=NetCHG_NTC_1 Pin=CHG_NTC-1
Added Pin To Net: NetName=NetCHG_NTC_1 Pin=R27-2
Added Pin To Net: NetName=NetCHG_NTC_1 Pin=CHG-1
Added Pin To Net: NetName=NetCHG_NTC_1 Pin=uC-7
Added Net: Name=NetCHG_NTC_1
Added Pin To Net: NetName=NetD2_2 Pin=D2-2
Added Pin To Net: NetName=NetD2_2 Pin=D3-2
Added Pin To Net: NetName=NetD2_2 Pin=R31-2
Added Pin To Net: NetName=NetD2_2 Pin=R35-1
Added Pin To Net: NetName=NetD2_2 Pin=R36-1
Added Pin To Net: NetName=NetD2_2 Pin=R40-1
Added Net: Name=NetD2_2
Added Pin To Net: NetName=NetD3_1 Pin=D3-1
Added Pin To Net: NetName=NetD3_1 Pin=MOSFET1-3
Added Pin To Net: NetName=NetD3_1 Pin=MOSFET1-3
Added Pin To Net: NetName=NetD3_1 Pin=MOSFET1-3
Added Pin To Net: NetName=NetD3_1 Pin=MOSFET1-3
Added Pin To Net: NetName=NetD3_1 Pin=MOSFET1-3
Added Pin To Net: NetName=NetD3_1 Pin=MOSFET3-3
Added Pin To Net: NetName=NetD3_1 Pin=MOSFET3-3
Added Pin To Net: NetName=NetD3_1 Pin=MOSFET3-3
Added Pin To Net: NetName=NetD3_1 Pin=MOSFET3-3
Added Pin To Net: NetName=NetD3_1 Pin=MOSFET3-3
Added Pin To Net: NetName=NetD3_1 Pin=Pack --1
Added Pin To Net: NetName=NetD3_1 Pin=Pack --1
Added Pin To Net: NetName=NetD3_1 Pin=Pack --1
Added Pin To Net: NetName=NetD3_1 Pin=Pack --1
Added Pin To Net: NetName=NetD3_1 Pin=Pack --1
Added Pin To Net: NetName=NetD3_1 Pin=Pack --1
Added Pin To Net: NetName=NetD3_1 Pin=Pack --1
Added Pin To Net: NetName=NetD3_1 Pin=Pack --1
Added Pin To Net: NetName=NetD3_1 Pin=Pack --1
Added Pin To Net: NetName=NetD3_1 Pin=R40-2
Added Net: Name=NetD3_1
Added Pin To Net: NetName=NetD_feedback_1 Pin=D_feedback-1
Added Pin To Net: NetName=NetD_feedback_1 Pin=P1-4
Added Net: Name=NetD_feedback_1
Added Pin To Net: NetName=NetDiode1_1 Pin=Diode1-1
Added Pin To Net: NetName=NetDiode1_1 Pin=R37-2
Added Pin To Net: NetName=NetDiode1_1 Pin=R39-1
Added Net: Name=NetDiode1_1
Added Pin To Net: NetName=NetDSG_NTC_1 Pin=DSG_NTC-1
Added Pin To Net: NetName=NetDSG_NTC_1 Pin=R28-2
Added Pin To Net: NetName=NetDSG_NTC_1 Pin=DSG-1
Added Pin To Net: NetName=NetDSG_NTC_1 Pin=uC-8
Added Net: Name=NetDSG_NTC_1
Added Pin To Net: NetName=NetLED_1_1 Pin=LED_1-1
Added Pin To Net: NetName=NetLED_1_1 Pin=R29-2
Added Net: Name=NetLED_1_1
Added Pin To Net: NetName=NetLED_2_1 Pin=LED_2-1
Added Pin To Net: NetName=NetLED_2_1 Pin=R30-2
Added Net: Name=NetLED_2_1
Added Pin To Net: NetName=NetLED_3V3_1 Pin=LED_3V3-1
Added Pin To Net: NetName=NetLED_3V3_1 Pin=R21-2
Added Net: Name=NetLED_3V3_1
Added Pin To Net: NetName=NetLED_3V_1 Pin=LED_3V-1
Added Pin To Net: NetName=NetLED_3V_1 Pin=R22-2
Added Net: Name=NetLED_3V_1
Added Pin To Net: NetName=NetLED_REGOUT_1 Pin=LED_REGOUT-1
Added Pin To Net: NetName=NetLED_REGOUT_1 Pin=R23-2
Added Net: Name=NetLED_REGOUT_1
Added Pin To Net: NetName=NetMOSFET1_1 Pin=MOSFET1-1
Added Pin To Net: NetName=NetMOSFET1_1 Pin=R35-2
Added Net: Name=NetMOSFET1_1
Added Pin To Net: NetName=NetMOSFET1_2 Pin=MOSFET1-2
Added Pin To Net: NetName=NetMOSFET1_2 Pin=MOSFET2-2
Added Pin To Net: NetName=NetMOSFET1_2 Pin=MOSFET3-2
Added Pin To Net: NetName=NetMOSFET1_2 Pin=MOSFET4-2
Added Net: Name=NetMOSFET1_2
Added Pin To Net: NetName=NetMOSFET2_1 Pin=MOSFET2-1
Added Pin To Net: NetName=NetMOSFET2_1 Pin=R33-2
Added Net: Name=NetMOSFET2_1
Added Pin To Net: NetName=NetMOSFET2_3 Pin=MOSFET2-3
Added Pin To Net: NetName=NetMOSFET2_3 Pin=MOSFET2-3
Added Pin To Net: NetName=NetMOSFET2_3 Pin=MOSFET2-3
Added Pin To Net: NetName=NetMOSFET2_3 Pin=MOSFET2-3
Added Pin To Net: NetName=NetMOSFET2_3 Pin=MOSFET2-3
Added Pin To Net: NetName=NetMOSFET2_3 Pin=MOSFET4-3
Added Pin To Net: NetName=NetMOSFET2_3 Pin=MOSFET4-3
Added Pin To Net: NetName=NetMOSFET2_3 Pin=MOSFET4-3
Added Pin To Net: NetName=NetMOSFET2_3 Pin=MOSFET4-3
Added Pin To Net: NetName=NetMOSFET2_3 Pin=MOSFET4-3
Added Pin To Net: NetName=NetMOSFET2_3 Pin=R32-2
Added Pin To Net: NetName=NetMOSFET2_3 Pin=R52-2
Added Pin To Net: NetName=NetMOSFET2_3 Pin=R_Shunt 300uR-2
Added Net: Name=NetMOSFET2_3
Added Pin To Net: NetName=NetMOSFET3_1 Pin=MOSFET3-1
Added Pin To Net: NetName=NetMOSFET3_1 Pin=R36-2
Added Net: Name=NetMOSFET3_1
Added Pin To Net: NetName=NetMOSFET4_1 Pin=MOSFET4-1
Added Pin To Net: NetName=NetMOSFET4_1 Pin=R34-2
Added Net: Name=NetMOSFET4_1
Added Pin To Net: NetName=Net P-MOSFET_3 Pin= P-MOSFET-3
Added Pin To Net: NetName=Net P-MOSFET_3 Pin=D2-1
Added Pin To Net: NetName=Net P-MOSFET_3 Pin=R31-1
Added Net: Name=Net P-MOSFET_3
Added Pin To Net: NetName=NetR5_1 Pin=R5-1
Added Pin To Net: NetName=NetR5_1 Pin=R6-2
Added Pin To Net: NetName=NetR5_1 Pin=R12-2
Added Net: Name=NetR5_1
Added Pin To Net: NetName=NetR7_1 Pin=R7-1
Added Pin To Net: NetName=NetR7_1 Pin=R8-2
Added Pin To Net: NetName=NetR7_1 Pin=R13-2
Added Net: Name=NetR7_1
Added Pin To Net: NetName=NetR15_1 Pin=R15-1
Added Pin To Net: NetName=NetR15_1 Pin=R16-2
Added Pin To Net: NetName=NetR15_1 Pin=R19-2
Added Net: Name=NetR15_1
Added Pin To Net: NetName=NetR17_1 Pin=R17-1
Added Pin To Net: NetName=NetR17_1 Pin=R18-2
Added Pin To Net: NetName=NetR17_1 Pin=R20-2
Added Net: Name=NetR17_1
Added Pin To Net: NetName=NetR26_2 Pin=R26-2
Added Pin To Net: NetName=NetR26_2 Pin=uC-32
Added Net: Name=NetR26_2
Added Pin To Net: NetName=NetR43_1 Pin=R43-1
Added Pin To Net: NetName=NetR43_1 Pin=R54-1
Added Pin To Net: NetName=NetR43_1 Pin=uC-17
Added Net: Name=NetR43_1
Added Pin To Net: NetName=NetuC_43 Pin=uC-43
Added Pin To Net: NetName=NetuC_43 Pin=URX-1
Added Net: Name=NetuC_43
Added Pin To Net: NetName=NetuC_44 Pin=uC-44
Added Pin To Net: NetName=NetuC_44 Pin=UTX-1
Added Net: Name=NetuC_44
Added Pin To Net: NetName=REGOUT +3.3V Pin=BQ-8
Added Pin To Net: NetName=REGOUT +3.3V Pin=C36-1
Added Pin To Net: NetName=REGOUT +3.3V Pin=R23-1
Added Net: Name=REGOUT +3.3V
Added Pin To Net: NetName=RST Pin=C15-1
Added Pin To Net: NetName=RST Pin=P2-6
Added Pin To Net: NetName=RST Pin=R25-2
Added Pin To Net: NetName=RST Pin=uC-38
Added Net: Name=RST
Added Pin To Net: NetName=TCK Pin=P2-5
Added Pin To Net: NetName=TCK Pin=TVS-4
Added Pin To Net: NetName=TCK Pin=uC-52
Added Net: Name=TCK
Added Pin To Net: NetName=TDI Pin=P2-3
Added Pin To Net: NetName=TDI Pin=TVS-1
Added Pin To Net: NetName=TDI Pin=uC-50
Added Net: Name=TDI
Added Pin To Net: NetName=TDO Pin=P2-2
Added Pin To Net: NetName=TDO Pin=TVS-3
Added Pin To Net: NetName=TDO Pin=uC-49
Added Net: Name=TDO
Added Pin To Net: NetName=TMS Pin=P2-4
Added Pin To Net: NetName=TMS Pin=TVS-6
Added Pin To Net: NetName=TMS Pin=uC-51
Added Net: Name=TMS
Added Pin To Net: NetName=TP_AFE_BAT Pin=AFE BAT-1
Added Pin To Net: NetName=TP_AFE_BAT Pin=BQ-9
Added Pin To Net: NetName=TP_AFE_BAT Pin=BQ-10
Added Pin To Net: NetName=TP_AFE_BAT Pin=C35-1
Added Pin To Net: NetName=TP_AFE_BAT Pin=R37-1
Added Net: Name=TP_AFE_BAT
Added Pin To Net: NetName=TP_Cell_1 Pin=BQ-16
Added Pin To Net: NetName=TP_Cell_1 Pin=C32-1
Added Pin To Net: NetName=TP_Cell_1 Pin=C34-2
Added Pin To Net: NetName=TP_Cell_1 Pin=R47-1
Added Pin To Net: NetName=TP_Cell_1 Pin=C1-1
Added Net: Name=TP_Cell_1
Added Pin To Net: NetName=TP_Cell_2 Pin=BQ-15
Added Pin To Net: NetName=TP_Cell_2 Pin=C31-1
Added Pin To Net: NetName=TP_Cell_2 Pin=C32-2
Added Pin To Net: NetName=TP_Cell_2 Pin=R46-1
Added Pin To Net: NetName=TP_Cell_2 Pin=C2-1
Added Net: Name=TP_Cell_2
Added Pin To Net: NetName=TP_Cell_3 Pin=BQ-13
Added Pin To Net: NetName=TP_Cell_3 Pin=BQ-14
Added Pin To Net: NetName=TP_Cell_3 Pin=C29-1
Added Pin To Net: NetName=TP_Cell_3 Pin=C31-2
Added Pin To Net: NetName=TP_Cell_3 Pin=R41-1
Added Pin To Net: NetName=TP_Cell_3 Pin=C3-1
Added Net: Name=TP_Cell_3
Added Pin To Net: NetName=TP_Cell_4 Pin=BQ-12
Added Pin To Net: NetName=TP_Cell_4 Pin=C29-2
Added Pin To Net: NetName=TP_Cell_4 Pin=R38-1
Added Pin To Net: NetName=TP_Cell_4 Pin=C4-1
Added Net: Name=TP_Cell_4
Added Pin To Net: NetName=TP_CHG Pin= P-MOSFET-2
Added Pin To Net: NetName=TP_CHG Pin=BQ-2
Added Pin To Net: NetName=TP_CHG Pin=CHG-1
Added Net: Name=TP_CHG
Added Pin To Net: NetName=TP_DSG Pin=BQ-1
Added Pin To Net: NetName=TP_DSG Pin=DSG-1
Added Pin To Net: NetName=TP_DSG Pin=R32-1
Added Pin To Net: NetName=TP_DSG Pin=R33-1
Added Pin To Net: NetName=TP_DSG Pin=R34-1
Added Net: Name=TP_DSG
Added Pin To Net: NetName=TP_SCL Pin=BQ-5
Added Pin To Net: NetName=TP_SCL Pin=R45-2
Added Pin To Net: NetName=TP_SCL Pin=SCL-1
Added Pin To Net: NetName=TP_SCL Pin=uC-23
Added Net: Name=TP_SCL
Added Pin To Net: NetName=TP_SDA Pin=BQ-4
Added Pin To Net: NetName=TP_SDA Pin=R44-2
Added Pin To Net: NetName=TP_SDA Pin=SDA-1
Added Pin To Net: NetName=TP_SDA Pin=uC-24
Added Net: Name=TP_SDA
Added Pin To Net: NetName=TP_TS1 Pin=BQ-6
Added Pin To Net: NetName=TP_TS1 Pin=BQ_NTC-1
Added Pin To Net: NetName=TP_TS1 Pin=R43-2
Added Pin To Net: NetName=TP_TS1 Pin=TS1-1
Added Net: Name=TP_TS1
Added Pin To Net: NetName=V_REF Pin=3.0V Voltage Regulator-2
Added Pin To Net: NetName=V_REF Pin=C13-2
Added Pin To Net: NetName=V_REF Pin=C14-2
Added Pin To Net: NetName=V_REF Pin=R9-2
Added Pin To Net: NetName=V_REF Pin=R10-2
Added Pin To Net: NetName=V_REF Pin=R11-2
Added Pin To Net: NetName=V_REF Pin=R22-1
Added Pin To Net: NetName=V_REF Pin=R27-1
Added Pin To Net: NetName=V_REF Pin=R28-1
Added Pin To Net: NetName=V_REF Pin=TP10-1
Added Net: Name=V_REF
Added Class: Name=AFE_BQ-Chip
Added Class: Name=Eingang_Ausgang Signal
Added Class: Name=Power_Supply Voltage
Added Class: Name=uC
